1	10:13:36	Batch processing of 4 files started	
1	10:13:36	File loaded from C:\Users\nbr\Desktop\Excel Example\Data\Jane Doe_1000\2017-12-04_\Dynamic 1.qtm	
1	10:13:36	File loaded from C:\Users\nbr\Desktop\Excel Example\Data\Jane Doe_1000\2017-12-04_\Dynamic 2.qtm	
1	10:13:36	File loaded from C:\Users\nbr\Desktop\Excel Example\Data\Jane Doe_1000\2017-12-04_\Dynamic 3.qtm	
1	10:13:36	File loaded from C:\Users\nbr\Desktop\Excel Example\Data\Jane Doe_1000\2017-12-04_\Static 1.qtm	
1	10:13:36	Finished batch processing 4 files	
1	10:14:12	Batch processing of 4 files started	
1	10:14:12	File loaded from C:\Users\nbr\Desktop\Excel Example\Data\Jane Doe_1000\2017-12-04_\Dynamic 1.qtm	
1	10:14:12	File loaded from C:\Users\nbr\Desktop\Excel Example\Data\Jane Doe_1000\2017-12-04_\Dynamic 2.qtm	
1	10:14:12	File loaded from C:\Users\nbr\Desktop\Excel Example\Data\Jane Doe_1000\2017-12-04_\Dynamic 3.qtm	
1	10:14:12	File loaded from C:\Users\nbr\Desktop\Excel Example\Data\Jane Doe_1000\2017-12-04_\Static 1.qtm	
1	10:14:12	Finished batch processing 4 files	
1	10:19:37	Batch processing of 6 files started	
1	10:19:37	File loaded from C:\Users\nbr\Desktop\Excel Example\Data\Jane Doe_1000\2017-12-04_\Dynamic 1.qtm	
1	10:19:37	File loaded from C:\Users\nbr\Desktop\Excel Example\Data\Jane Doe_1000\2017-12-04_\Dynamic 2.qtm	
1	10:19:37	File loaded from C:\Users\nbr\Desktop\Excel Example\Data\Jane Doe_1000\2017-12-04_\Dynamic 3.qtm	
1	10:19:38	File loaded from C:\Users\nbr\Desktop\Excel Example\Data\Jane Doe_1000\2017-12-04_\Dynamic 4.qtm	
1	10:19:38	File loaded from C:\Users\nbr\Desktop\Excel Example\Data\Jane Doe_1000\2017-12-04_\Dynamic 5.qtm	
1	10:19:38	File loaded from C:\Users\nbr\Desktop\Excel Example\Data\Jane Doe_1000\2017-12-04_\Static 1.qtm	
1	10:19:38	Finished batch processing 6 files	
1	10:29:33	File loaded from C:\Users\nbr\Desktop\Excel Example\Data\Jane Doe_1000\2017-12-04_0001\Dynamic 2.qtm	
1	10:29:49	File closed	
1	10:29:50	File loaded from C:\Users\nbr\Desktop\Excel Example\Data\Jane Doe_1000\2017-12-04_0001\Static 1.qtm	
1	10:30:12	File closed	
1	10:39:46	File loaded from C:\Users\nbr\Documents\iDrive\AppTeam\Test file library\Gait QCS test files\Fohanno_Vincent_2016-09-07_03\2016-09-07\2016-09-07_IOR\Static FB Anterior - IOR 1.qtm	
1	10:39:55	File closed	
1	10:40:00	File loaded from C:\Users\nbr\Documents\iDrive\AppTeam\Test file library\Gait QCS test files\Fohanno_Vincent_2016-09-07_03\2016-09-07\2016-09-07_IOR\Static FB Anterior - IOR 2.qtm	
1	10:40:03	File closed	
1	10:40:09	File loaded from C:\Users\nbr\Documents\iDrive\AppTeam\Test file library\Gait QCS test files\Fohanno_Vincent_2016-09-07_03\2016-09-07\2016-09-07_IOR\Static FB Posterior - IOR 1.qtm	
1	10:40:19	File closed	
1	10:40:29	File loaded from C:\Users\nbr\Documents\iDrive\AppTeam\Test file library\Gait QCS test files\Fohanno_Vincent_2016-09-07_03\2016-09-07\2016-09-07_IOR\Gait FB - IOR 2.qtm	
1	10:40:34	File closed	
1	10:40:35	File loaded from C:\Users\nbr\Documents\iDrive\AppTeam\Test file library\Gait QCS test files\Fohanno_Vincent_2016-09-07_03\2016-09-07\2016-09-07_IOR\Gait FB - IOR 3.qtm	
1	10:40:41	File closed	
1	10:40:42	File loaded from C:\Users\nbr\Documents\iDrive\AppTeam\Test file library\Gait QCS test files\Fohanno_Vincent_2016-09-07_03\2016-09-07\2016-09-07_IOR\Gait FB - IOR 4.qtm	
1	10:40:47	File closed	
1	10:40:47	File loaded from C:\Users\nbr\Documents\iDrive\AppTeam\Test file library\Gait QCS test files\Fohanno_Vincent_2016-09-07_03\2016-09-07\2016-09-07_IOR\Gait FB - IOR 5.qtm	
1	10:40:56	File closed	
1	10:40:56	File loaded from C:\Users\nbr\Documents\iDrive\AppTeam\Test file library\Gait QCS test files\Fohanno_Vincent_2016-09-07_03\2016-09-07\2016-09-07_IOR\Gait FB - IOR 6.qtm	
1	10:41:14	File saved as C:\Users\nbr\Documents\iDrive\AppTeam\Test file library\Gait QCS test files\Fohanno_Vincent_2016-09-07_03\2016-09-07\2016-09-07_IOR\Gait FB - IOR 6.qtm	
1	10:41:15	File closed	
1	10:41:26	File loaded from C:\Users\nbr\Documents\iDrive\AppTeam\Test file library\Gait QCS test files\Fohanno_Vincent_2016-09-07_03\2016-09-07\2016-09-07_IOR\Gait FB - IOR 1.qtm	
1	10:41:33	File closed	
1	10:41:36	File loaded from C:\Users\nbr\Documents\iDrive\AppTeam\Test file library\Gait QCS test files\Fohanno_Vincent_2016-09-07_03\2016-09-07\2016-09-07_IOR\Gait FB - IOR 2.qtm	
1	10:41:41	File closed	
1	10:41:50	File loaded from C:\Users\nbr\Documents\iDrive\AppTeam\Test file library\Gait QCS test files\Fohanno_Vincent_2016-09-07_03\2016-09-07\2016-09-07_IOR\Gait FB - IOR 4.qtm	
1	10:41:54	File closed	
1	10:42:00	File loaded from C:\Users\nbr\Documents\iDrive\AppTeam\Test file library\Gait QCS test files\Fohanno_Vincent_2016-09-07_03\2016-09-07\2016-09-07_IOR\Gait FB - IOR 6.qtm	
1	10:42:04	File closed	
1	10:42:53	File loaded from C:\Users\nbr\Desktop\Excel Example\Data\Jane Doe_0001\2017-12-05_0001\Static 1.qtm	
1	10:43:04	File saved as C:\Users\nbr\Desktop\Excel Example\Data\Jane Doe_0001\2017-12-05_0001\Static 1.qtm	
1	10:43:04	File closed	
1	10:43:06	File loaded from C:\Users\nbr\Desktop\Excel Example\Data\Jane Doe_0001\2017-12-05_0001\Dynamic 1.qtm	
1	10:43:12	File closed	
1	10:43:16	Batch processing of 4 files started	
1	10:43:16	File loaded from C:\Users\nbr\Desktop\Excel Example\Data\Jane Doe_0001\2017-12-05_0001\Dynamic 1.qtm	
1	10:43:16	File loaded from C:\Users\nbr\Desktop\Excel Example\Data\Jane Doe_0001\2017-12-05_0001\Dynamic 2.qtm	
1	10:43:16	File loaded from C:\Users\nbr\Desktop\Excel Example\Data\Jane Doe_0001\2017-12-05_0001\Dynamic 3.qtm	
1	10:43:16	File loaded from C:\Users\nbr\Desktop\Excel Example\Data\Jane Doe_0001\2017-12-05_0001\Static 1.qtm	
1	10:43:16	Finished batch processing 4 files	
1	10:43:50	File loaded from C:\Users\nbr\Desktop\Excel Example\Data\Jane Doe_0001\2017-12-05_0001\Dynamic 2.qtm	
1	10:43:58	File closed	
1	10:43:59	File loaded from C:\Users\nbr\Desktop\Excel Example\Data\Jane Doe_0001\2017-12-05_0001\Dynamic 3.qtm	
1	10:44:48	File closed	
1	10:47:57	File loaded from C:\Users\nbr\Desktop\Excel Example\Data\Jane Doe_0001\2017-12-05_0001\Static 1.qtm	
1	10:50:15	File closed	
1	10:50:17	File loaded from C:\Users\nbr\Desktop\Excel Example\Data\Jane Doe_0001\2017-12-05_0001\Dynamic 1.qtm	
1	10:50:42	File closed	
1	10:50:42	File loaded from C:\Users\nbr\Desktop\Excel Example\Data\Jane Doe_0001\2017-12-05_0001\Static 1.qtm	
1	10:50:54	File closed	
1	10:50:55	File loaded from C:\Users\nbr\Desktop\Excel Example\Data\Jane Doe_0001\2017-12-05_0001\Dynamic 1.qtm	
1	10:51:03	1 model failed to apply	1 model failed to apply.  Note: Partial success, or failure to identify, usually indicates that the model needs more training.  Correct the identification by hand and then add the fully identified file to the AIM model. Use "Add to existing model(s)" to improve AIM performance. 
1	10:53:37	File saved as C:\Users\nbr\Desktop\Excel Example\Data\Jane Doe_0001\2017-12-05_0001\Dynamic 1.qtm	
1	10:53:42	File closed	
1	10:53:43	File loaded from C:\Users\nbr\Desktop\Excel Example\Data\Jane Doe_0001\2017-12-05_0001\Static 1.qtm	
1	10:53:52	AIM model application results, 1 model partially applied	1 model partially applied.  Note: Partial success, or failure to identify, usually indicates that the model needs more training.  Correct the identification by hand and then add the fully identified file to the AIM model. Use "Add to existing model(s)" to improve AIM performance. 
1	10:54:31	File saved as C:\Users\nbr\Desktop\Excel Example\Data\Jane Doe_0001\2017-12-05_0001\Static 1.qtm	
1	10:54:32	File closed	
1	10:54:33	File loaded from C:\Users\nbr\Desktop\Excel Example\Data\Jane Doe_0001\2017-12-05_0001\Dynamic 1.qtm	
1	10:55:02	File saved as C:\Users\nbr\Desktop\Excel Example\Data\Jane Doe_0001\2017-12-05_0001\Dynamic 1.qtm	
1	10:55:03	File closed	
1	10:55:05	File loaded from C:\Users\nbr\Desktop\Excel Example\Data\Jane Doe_0001\2017-12-05_0001\Dynamic 2.qtm	
1	10:55:19	File saved as C:\Users\nbr\Desktop\Excel Example\Data\Jane Doe_0001\2017-12-05_0001\Dynamic 2.qtm	
1	10:55:19	File closed	
1	10:55:21	File loaded from C:\Users\nbr\Desktop\Excel Example\Data\Jane Doe_0001\2017-12-05_0001\Dynamic 3.qtm	
1	10:55:42	File saved as C:\Users\nbr\Desktop\Excel Example\Data\Jane Doe_0001\2017-12-05_0001\Dynamic 3.qtm	
1	10:55:42	File closed	
1	10:55:56	File loaded from C:\Users\nbr\Desktop\Excel Example\Data\Jane Doe_0001\2017-12-05_0001\Dynamic 2.qtm	
1	10:56:09	File closed	
1	10:58:04	Batch processing of 4 files started	
1	10:58:04	File loaded from C:\Users\nbr\Desktop\Excel Example\Data\Jane Doe_0001\2017-12-05_0001\Dynamic 1.qtm	
1	10:58:04	File loaded from C:\Users\nbr\Desktop\Excel Example\Data\Jane Doe_0001\2017-12-05_0001\Dynamic 2.qtm	
1	10:58:04	File loaded from C:\Users\nbr\Desktop\Excel Example\Data\Jane Doe_0001\2017-12-05_0001\Dynamic 3.qtm	
1	10:58:04	File loaded from C:\Users\nbr\Desktop\Excel Example\Data\Jane Doe_0001\2017-12-05_0001\Static 1.qtm	
1	10:58:04	Finished batch processing 4 files	
