1	16:29:26	Batch processing of 1 files started	
1	16:29:26	File loaded from C:\Users\nbr\Desktop\Excel Example\Data\1\2014-11-19\Unspecified\Jump 1.qtm	
1	16:29:26	Finished batch processing 1 file	
1	16:31:04	Batch processing of 1 files started	
1	16:31:04	File loaded from C:\Users\nbr\Desktop\Excel Example\Data\1\2014-11-19\Unspecified\Jump 1.qtm	
1	16:31:04	Finished batch processing 1 file	
1	16:32:10	Batch processing of 1 files started	
1	16:32:10	File loaded from C:\Users\nbr\Desktop\Excel Example\Data\1\2014-11-19\Unspecified\Jump 1.qtm	
1	16:32:10	Finished batch processing 1 file	
1	16:32:35	Batch processing of 1 files started	
1	16:32:35	File loaded from C:\Users\nbr\Desktop\Excel Example\Data\1\2014-11-19\Unspecified\Jump 1.qtm	
1	16:32:35	Finished batch processing 1 file	
1	16:33:39	Batch processing of 1 files started	
1	16:33:39	File loaded from C:\Users\nbr\Desktop\Excel Example\Data\1\2014-11-19\Unspecified\Jump 1.qtm	
1	16:33:39	Finished batch processing 1 file	
1	16:33:55	Batch processing of 1 files started	
1	16:33:56	File loaded from C:\Users\nbr\Desktop\Excel Example\Data\1\2014-11-19\Unspecified\Jump 1.qtm	
1	16:33:56	Finished batch processing 1 file	
1	16:34:54	Batch processing of 1 files started	
1	16:34:54	File loaded from C:\Users\nbr\Desktop\Excel Example\Data\1\2014-11-19\Unspecified\Jump 1.qtm	
1	16:34:55	Finished batch processing 1 file	
1	16:35:18	Batch processing of 1 files started	
1	16:35:18	File loaded from C:\Users\nbr\Desktop\Excel Example\Data\1\2014-11-19\Unspecified\Jump 1.qtm	
1	16:35:19	Finished batch processing 1 file	
1	16:38:56	Batch processing of 1 files started	
1	16:38:56	File loaded from C:\Users\nbr\Desktop\Excel Example\Data\1\2014-11-19\Unspecified\Jump 1.qtm	
1	16:38:56	Finished batch processing 1 file	
1	16:39:33	Batch processing of 1 files started	
1	16:39:33	File loaded from C:\Users\nbr\Desktop\Excel Example\Data\1\2014-11-19\Unspecified\Jump 1.qtm	
1	16:39:33	Finished batch processing 1 file	
1	16:41:52	Batch processing of 1 files started	
1	16:41:52	File loaded from C:\Users\nbr\Desktop\Excel Example\Data\1\2014-11-19\Unspecified\Jump 1.qtm	
1	16:41:52	Finished batch processing 1 file	
1	16:43:31	Batch processing of 1 files started	
1	16:43:31	File loaded from C:\Users\nbr\Desktop\Excel Example\Data\1\2014-11-19\Unspecified\Jump 1.qtm	
1	16:43:31	Finished batch processing 1 file	
1	16:43:56	Batch processing of 1 files started	
1	16:43:56	File loaded from C:\Users\nbr\Desktop\Excel Example\Data\1\2014-11-19\Unspecified\Jump 1.qtm	
1	16:43:56	Finished batch processing 1 file	
1	16:44:02	Batch processing of 1 files started	
1	16:44:02	File loaded from C:\Users\nbr\Desktop\Excel Example\Data\1\2014-11-19\Unspecified\Jump 1.qtm	
1	16:44:02	Finished batch processing 1 file	
1	16:44:14	Batch processing of 1 files started	
1	16:44:14	File loaded from C:\Users\nbr\Desktop\Excel Example\Data\1\2014-11-19\Unspecified\Jump 1.qtm	
1	16:44:14	Finished batch processing 1 file	
1	16:45:58	Batch processing of 1 files started	
1	16:45:58	File loaded from C:\Users\nbr\Desktop\Excel Example\Data\1\2014-11-19\Unspecified\Jump 1.qtm	
1	16:45:59	Finished batch processing 1 file	
1	16:51:34	Batch processing of 1 files started	
1	16:51:34	File loaded from C:\Users\nbr\Desktop\Excel Example\Data\1\2014-11-19\Unspecified\Jump 1.qtm	
1	16:51:34	Finished batch processing 1 file	
1	16:55:43	Batch processing of 1 files started	
1	16:55:43	File loaded from C:\Users\nbr\Desktop\Excel Example\Data\1\2014-11-19\Unspecified\Jump 1.qtm	
1	16:55:43	Finished batch processing 1 file	
1	16:58:05	Batch processing of 1 files started	
1	16:58:05	File loaded from C:\Users\nbr\Desktop\Excel Example\Data\1\2014-11-19\Unspecified\Jump 1.qtm	
1	16:58:05	Finished batch processing 1 file	
1	17:03:50	Batch processing of 1 files started	
1	17:03:50	File loaded from C:\Users\nbr\Desktop\Excel Example\Data\1\2014-11-19\Unspecified\Jump 1.qtm	
1	17:03:50	Finished batch processing 1 file	
1	17:06:11	Batch processing of 1 files started	
1	17:06:11	File loaded from C:\Users\nbr\Desktop\Excel Example\Data\1\2014-11-19\Unspecified\Jump 1.qtm	
1	17:06:11	Finished batch processing 1 file	
1	17:09:44	Batch processing of 1 files started	
1	17:09:44	File loaded from C:\Users\nbr\Desktop\Excel Example\Data\1\2014-11-19\Unspecified\Jump 1.qtm	
1	17:09:45	Finished batch processing 1 file	
1	17:12:15	Batch processing of 1 files started	
1	17:12:15	File loaded from C:\Users\nbr\Desktop\Excel Example\Data\1\2014-11-19\Unspecified\Jump 1.qtm	
1	17:12:15	Finished batch processing 1 file	
1	17:12:37	Batch processing of 1 files started	
1	17:12:37	File loaded from C:\Users\nbr\Desktop\Excel Example\Data\1\2014-11-19\Unspecified\Jump 1.qtm	
1	17:12:37	Finished batch processing 1 file	
1	17:12:56	Batch processing of 1 files started	
1	17:12:56	File loaded from C:\Users\nbr\Desktop\Excel Example\Data\1\2014-11-19\Unspecified\Jump 1.qtm	
1	17:12:57	Finished batch processing 1 file	
1	17:13:59	Batch processing of 1 files started	
1	17:13:59	File loaded from C:\Users\nbr\Desktop\Excel Example\Data\1\2014-11-19\Unspecified\Jump 1.qtm	
1	17:14:00	Finished batch processing 1 file	
1	17:14:39	Batch processing of 1 files started	
1	17:14:39	File loaded from C:\Users\nbr\Desktop\Excel Example\Data\1\2014-11-19\Unspecified\Jump 1.qtm	
1	17:14:40	Finished batch processing 1 file	
1	17:17:18	Batch processing of 1 files started	
1	17:17:18	File loaded from C:\Users\nbr\Desktop\Excel Example\Data\1\2014-11-19\Unspecified\Jump 1.qtm	
1	17:17:18	Finished batch processing 1 file	
1	17:17:28	Batch processing of 1 files started	
1	17:17:28	File loaded from C:\Users\nbr\Desktop\Excel Example\Data\1\2014-11-19\Unspecified\Jump 1.qtm	
1	17:17:28	Finished batch processing 1 file	
1	17:18:39	Batch processing of 1 files started	
1	17:18:39	File loaded from C:\Users\nbr\Desktop\Excel Example\Data\1\2014-11-19\Unspecified\Jump 1.qtm	
1	17:18:40	Finished batch processing 1 file	
1	17:19:13	Batch processing of 1 files started	
1	17:19:13	File loaded from C:\Users\nbr\Desktop\Excel Example\Data\1\2014-11-19\Unspecified\Jump 1.qtm	
1	17:19:14	Finished batch processing 1 file	
1	17:22:23	Batch processing of 1 files started	
1	17:22:23	File loaded from C:\Users\nbr\Desktop\Excel Example\Data\1\2014-11-19\Unspecified\Jump 1.qtm	
1	17:22:24	Finished batch processing 1 file	
1	17:22:41	Batch processing of 1 files started	
1	17:22:41	File loaded from C:\Users\nbr\Desktop\Excel Example\Data\1\2014-11-19\Unspecified\Jump 1.qtm	
1	17:22:41	Finished batch processing 1 file	
1	20:53:00	Batch processing of 1 files started	
1	20:53:00	File loaded from C:\Users\nbr\Desktop\Excel Example\Data\1\2014-11-19\Unspecified\Jump 1.qtm	
1	20:53:01	Finished batch processing 1 file	
1	20:54:08	Batch processing of 1 files started	
1	20:54:08	File loaded from C:\Users\nbr\Desktop\Excel Example\Data\1\2014-11-19\Unspecified\Jump 1.qtm	
1	20:54:09	Finished batch processing 1 file	
1	20:57:55	Batch processing of 1 files started	
1	20:57:55	File loaded from C:\Users\nbr\Desktop\Excel Example\Data\1\2014-11-19\Unspecified\Jump 1.qtm	
1	20:57:55	Finished batch processing 1 file	
1	20:58:17	Batch processing of 1 files started	
1	20:58:17	File loaded from C:\Users\nbr\Desktop\Excel Example\Data\1\2014-11-19\Unspecified\Jump 1.qtm	
1	20:58:18	Finished batch processing 1 file	
1	21:10:29	Batch processing of 1 files started	
1	21:10:29	File loaded from C:\Users\nbr\Desktop\Excel Example\Data\1\2014-11-19\Unspecified\Jump 1.qtm	
1	21:10:30	Finished batch processing 1 file	
1	21:11:40	Batch processing of 1 files started	
1	21:11:40	File loaded from C:\Users\nbr\Desktop\Excel Example\Data\1\2014-11-19\Unspecified\Jump 1.qtm	
1	21:11:40	Finished batch processing 1 file	
1	21:13:28	Batch processing of 1 files started	
1	21:13:28	File loaded from C:\Users\nbr\Desktop\Excel Example\Data\1\2014-11-19\Unspecified\Jump 1.qtm	
1	21:13:28	Finished batch processing 1 file	
1	21:13:56	Batch processing of 1 files started	
1	21:13:56	File loaded from C:\Users\nbr\Desktop\Excel Example\Data\1\2014-11-19\Unspecified\Jump 1.qtm	
1	21:13:57	Finished batch processing 1 file	
1	21:14:35	Batch processing of 1 files started	
1	21:14:35	File loaded from C:\Users\nbr\Desktop\Excel Example\Data\1\2014-11-19\Unspecified\Jump 1.qtm	
1	21:14:36	Finished batch processing 1 file	
1	21:40:01	Batch processing of 4 files started	
1	21:40:01	File loaded from C:\Users\nbr\Desktop\Excel Example\Data\Jane Doe_1000\2017-12-04_\Dynamic 1.qtm	
1	21:40:01	File loaded from C:\Users\nbr\Desktop\Excel Example\Data\Jane Doe_1000\2017-12-04_\Dynamic 2.qtm	
1	21:40:01	File loaded from C:\Users\nbr\Desktop\Excel Example\Data\Jane Doe_1000\2017-12-04_\Dynamic 3.qtm	
1	21:40:01	File loaded from C:\Users\nbr\Desktop\Excel Example\Data\Jane Doe_1000\2017-12-04_\Static 1.qtm	
1	21:40:01	Finished batch processing 4 files	
1	21:42:58	Batch processing of 4 files started	
1	21:42:58	File loaded from C:\Users\nbr\Desktop\Excel Example\Data\Jane Doe_1000\2017-12-04_\Dynamic 1.qtm	
1	21:42:58	File loaded from C:\Users\nbr\Desktop\Excel Example\Data\Jane Doe_1000\2017-12-04_\Dynamic 2.qtm	
1	21:42:58	File loaded from C:\Users\nbr\Desktop\Excel Example\Data\Jane Doe_1000\2017-12-04_\Dynamic 3.qtm	
1	21:42:59	File loaded from C:\Users\nbr\Desktop\Excel Example\Data\Jane Doe_1000\2017-12-04_\Static 1.qtm	
1	21:42:59	Finished batch processing 4 files	
1	21:47:27	Batch processing of 4 files started	
1	21:47:27	File loaded from C:\Users\nbr\Desktop\Excel Example\Data\Jane Doe_1000\2017-12-04_\Dynamic 1.qtm	
1	21:47:27	File loaded from C:\Users\nbr\Desktop\Excel Example\Data\Jane Doe_1000\2017-12-04_\Dynamic 2.qtm	
1	21:47:27	File loaded from C:\Users\nbr\Desktop\Excel Example\Data\Jane Doe_1000\2017-12-04_\Dynamic 3.qtm	
1	21:47:27	File loaded from C:\Users\nbr\Desktop\Excel Example\Data\Jane Doe_1000\2017-12-04_\Static 1.qtm	
1	21:47:27	Finished batch processing 4 files	
1	21:53:16	Batch processing of 4 files started	
1	21:53:16	File loaded from C:\Users\nbr\Desktop\Excel Example\Data\Jane Doe_1000\2017-12-04_\Dynamic 1.qtm	
1	21:53:16	File loaded from C:\Users\nbr\Desktop\Excel Example\Data\Jane Doe_1000\2017-12-04_\Dynamic 2.qtm	
1	21:53:16	File loaded from C:\Users\nbr\Desktop\Excel Example\Data\Jane Doe_1000\2017-12-04_\Dynamic 3.qtm	
1	21:53:17	File loaded from C:\Users\nbr\Desktop\Excel Example\Data\Jane Doe_1000\2017-12-04_\Static 1.qtm	
1	21:53:17	Finished batch processing 4 files	
1	21:54:19	Batch processing of 4 files started	
1	21:54:19	File loaded from C:\Users\nbr\Desktop\Excel Example\Data\Jane Doe_1000\2017-12-04_\Dynamic 1.qtm	
1	21:54:19	File loaded from C:\Users\nbr\Desktop\Excel Example\Data\Jane Doe_1000\2017-12-04_\Dynamic 2.qtm	
1	21:54:19	File loaded from C:\Users\nbr\Desktop\Excel Example\Data\Jane Doe_1000\2017-12-04_\Dynamic 3.qtm	
1	21:54:20	File loaded from C:\Users\nbr\Desktop\Excel Example\Data\Jane Doe_1000\2017-12-04_\Static 1.qtm	
1	21:54:20	Finished batch processing 4 files	
1	21:54:34	Batch processing of 4 files started	
1	21:54:34	File loaded from C:\Users\nbr\Desktop\Excel Example\Data\Jane Doe_1000\2017-12-04_\Dynamic 1.qtm	
1	21:54:34	File loaded from C:\Users\nbr\Desktop\Excel Example\Data\Jane Doe_1000\2017-12-04_\Dynamic 2.qtm	
1	21:54:34	File loaded from C:\Users\nbr\Desktop\Excel Example\Data\Jane Doe_1000\2017-12-04_\Dynamic 3.qtm	
1	21:54:34	File loaded from C:\Users\nbr\Desktop\Excel Example\Data\Jane Doe_1000\2017-12-04_\Static 1.qtm	
1	21:54:34	Finished batch processing 4 files	
1	22:06:20	Batch processing of 4 files started	
1	22:06:20	File loaded from C:\Users\nbr\Desktop\Excel Example\Data\Jane Doe_1000\2017-12-04_\Dynamic 1.qtm	
1	22:06:20	File loaded from C:\Users\nbr\Desktop\Excel Example\Data\Jane Doe_1000\2017-12-04_\Dynamic 2.qtm	
1	22:06:20	File loaded from C:\Users\nbr\Desktop\Excel Example\Data\Jane Doe_1000\2017-12-04_\Dynamic 3.qtm	
1	22:06:21	File loaded from C:\Users\nbr\Desktop\Excel Example\Data\Jane Doe_1000\2017-12-04_\Static 1.qtm	
1	22:06:21	Finished batch processing 4 files	
1	22:11:06	Batch processing of 4 files started	
1	22:11:06	File loaded from C:\Users\nbr\Desktop\Excel Example\Data\Jane Doe_1000\2017-12-04_\Dynamic 1.qtm	
1	22:11:06	File loaded from C:\Users\nbr\Desktop\Excel Example\Data\Jane Doe_1000\2017-12-04_\Dynamic 2.qtm	
1	22:11:06	File loaded from C:\Users\nbr\Desktop\Excel Example\Data\Jane Doe_1000\2017-12-04_\Dynamic 3.qtm	
1	22:11:06	File loaded from C:\Users\nbr\Desktop\Excel Example\Data\Jane Doe_1000\2017-12-04_\Static 1.qtm	
1	22:11:07	Finished batch processing 4 files	
1	22:11:54	Batch processing of 4 files started	
1	22:11:54	File loaded from C:\Users\nbr\Desktop\Excel Example\Data\Jane Doe_1000\2017-12-04_\Dynamic 1.qtm	
1	22:11:54	File loaded from C:\Users\nbr\Desktop\Excel Example\Data\Jane Doe_1000\2017-12-04_\Dynamic 2.qtm	
1	22:11:54	File loaded from C:\Users\nbr\Desktop\Excel Example\Data\Jane Doe_1000\2017-12-04_\Dynamic 3.qtm	
1	22:11:54	File loaded from C:\Users\nbr\Desktop\Excel Example\Data\Jane Doe_1000\2017-12-04_\Static 1.qtm	
1	22:11:55	Finished batch processing 4 files	
1	22:16:46	Batch processing of 4 files started	
1	22:16:46	File loaded from C:\Users\nbr\Desktop\Excel Example\Data\Jane Doe_1000\2017-12-04_\Dynamic 1.qtm	
1	22:16:46	File loaded from C:\Users\nbr\Desktop\Excel Example\Data\Jane Doe_1000\2017-12-04_\Dynamic 2.qtm	
1	22:16:46	File loaded from C:\Users\nbr\Desktop\Excel Example\Data\Jane Doe_1000\2017-12-04_\Dynamic 3.qtm	
1	22:16:46	File loaded from C:\Users\nbr\Desktop\Excel Example\Data\Jane Doe_1000\2017-12-04_\Static 1.qtm	
1	22:16:46	Finished batch processing 4 files	
1	22:17:19	Batch processing of 4 files started	
1	22:17:19	File loaded from C:\Users\nbr\Desktop\Excel Example\Data\Jane Doe_1000\2017-12-04_\Dynamic 1.qtm	
1	22:17:19	File loaded from C:\Users\nbr\Desktop\Excel Example\Data\Jane Doe_1000\2017-12-04_\Dynamic 2.qtm	
1	22:17:19	File loaded from C:\Users\nbr\Desktop\Excel Example\Data\Jane Doe_1000\2017-12-04_\Dynamic 3.qtm	
1	22:17:19	File loaded from C:\Users\nbr\Desktop\Excel Example\Data\Jane Doe_1000\2017-12-04_\Static 1.qtm	
1	22:17:19	Finished batch processing 4 files	
1	22:17:40	Batch processing of 4 files started	
1	22:17:40	File loaded from C:\Users\nbr\Desktop\Excel Example\Data\Jane Doe_1000\2017-12-04_\Dynamic 1.qtm	
1	22:17:40	File loaded from C:\Users\nbr\Desktop\Excel Example\Data\Jane Doe_1000\2017-12-04_\Dynamic 2.qtm	
1	22:17:40	File loaded from C:\Users\nbr\Desktop\Excel Example\Data\Jane Doe_1000\2017-12-04_\Dynamic 3.qtm	
1	22:17:40	File loaded from C:\Users\nbr\Desktop\Excel Example\Data\Jane Doe_1000\2017-12-04_\Static 1.qtm	
1	22:17:41	Finished batch processing 4 files	
1	22:22:24	Batch processing of 4 files started	
1	22:22:24	File loaded from C:\Users\nbr\Desktop\Excel Example\Data\Jane Doe_1000\2017-12-04_\Dynamic 1.qtm	
1	22:22:24	File loaded from C:\Users\nbr\Desktop\Excel Example\Data\Jane Doe_1000\2017-12-04_\Dynamic 2.qtm	
1	22:22:25	File loaded from C:\Users\nbr\Desktop\Excel Example\Data\Jane Doe_1000\2017-12-04_\Dynamic 3.qtm	
1	22:22:25	File loaded from C:\Users\nbr\Desktop\Excel Example\Data\Jane Doe_1000\2017-12-04_\Static 1.qtm	
1	22:22:25	Finished batch processing 4 files	
1	22:22:59	Batch processing of 4 files started	
1	22:22:59	File loaded from C:\Users\nbr\Desktop\Excel Example\Data\Jane Doe_1000\2017-12-04_\Dynamic 1.qtm	
1	22:22:59	File loaded from C:\Users\nbr\Desktop\Excel Example\Data\Jane Doe_1000\2017-12-04_\Dynamic 2.qtm	
1	22:23:00	File loaded from C:\Users\nbr\Desktop\Excel Example\Data\Jane Doe_1000\2017-12-04_\Dynamic 3.qtm	
1	22:23:00	File loaded from C:\Users\nbr\Desktop\Excel Example\Data\Jane Doe_1000\2017-12-04_\Static 1.qtm	
1	22:23:00	Finished batch processing 4 files	
1	22:23:17	Batch processing of 4 files started	
1	22:23:17	File loaded from C:\Users\nbr\Desktop\Excel Example\Data\Jane Doe_1000\2017-12-04_\Dynamic 1.qtm	
1	22:23:17	File loaded from C:\Users\nbr\Desktop\Excel Example\Data\Jane Doe_1000\2017-12-04_\Dynamic 2.qtm	
1	22:23:17	File loaded from C:\Users\nbr\Desktop\Excel Example\Data\Jane Doe_1000\2017-12-04_\Dynamic 3.qtm	
1	22:23:17	File loaded from C:\Users\nbr\Desktop\Excel Example\Data\Jane Doe_1000\2017-12-04_\Static 1.qtm	
1	22:23:18	Finished batch processing 4 files	
1	22:25:59	Batch processing of 4 files started	
1	22:25:59	File loaded from C:\Users\nbr\Desktop\Excel Example\Data\Jane Doe_1000\2017-12-04_\Dynamic 1.qtm	
1	22:25:59	File loaded from C:\Users\nbr\Desktop\Excel Example\Data\Jane Doe_1000\2017-12-04_\Dynamic 2.qtm	
1	22:26:00	File loaded from C:\Users\nbr\Desktop\Excel Example\Data\Jane Doe_1000\2017-12-04_\Dynamic 3.qtm	
1	22:26:00	File loaded from C:\Users\nbr\Desktop\Excel Example\Data\Jane Doe_1000\2017-12-04_\Static 1.qtm	
1	22:26:00	Finished batch processing 4 files	
