1	12:15:48	Batch processing of 2 files started	
1	12:15:48	File loaded from C:\Users\nbr\Documents\iDrive\AppTeam\Projects\Open PAF Framework\Python Example\Data\_\2017-12-05_\Dynamic 1.qtm	
1	12:15:48	File loaded from C:\Users\nbr\Documents\iDrive\AppTeam\Projects\Open PAF Framework\Python Example\Data\_\2017-12-05_\Static 1.qtm	
1	12:15:48	Finished batch processing 2 files	
1	12:17:12	Batch processing of 2 files started	
1	12:17:12	File loaded from C:\Users\nbr\Documents\iDrive\AppTeam\Projects\Open PAF Framework\Python Example\Data\_\2017-12-05_\Dynamic 1.qtm	
1	12:17:12	File loaded from C:\Users\nbr\Documents\iDrive\AppTeam\Projects\Open PAF Framework\Python Example\Data\_\2017-12-05_\Static 1.qtm	
1	12:17:12	Finished batch processing 2 files	
1	12:29:40	Batch processing of 2 files started	
1	12:29:40	File loaded from C:\Users\nbr\Documents\iDrive\AppTeam\Projects\Open PAF Framework\Python Example\Data\_\2017-12-05_\Dynamic 1.qtm	
1	12:29:40	File loaded from C:\Users\nbr\Documents\iDrive\AppTeam\Projects\Open PAF Framework\Python Example\Data\_\2017-12-05_\Static 1.qtm	
1	12:29:40	Finished batch processing 2 files	
1	16:14:32	Batch processing of 4 files started	
1	16:14:32	File loaded from C:\Users\nbr\Documents\iDrive\AppTeam\Projects\Open PAF Framework\Python Example\Data\John Doe_0001\2017-12-05_0010\Dynamic 1.qtm	
1	16:14:33	File loaded from C:\Users\nbr\Documents\iDrive\AppTeam\Projects\Open PAF Framework\Python Example\Data\John Doe_0001\2017-12-05_0010\Dynamic 2.qtm	
1	16:14:33	File loaded from C:\Users\nbr\Documents\iDrive\AppTeam\Projects\Open PAF Framework\Python Example\Data\John Doe_0001\2017-12-05_0010\Dynamic 3.qtm	
1	16:14:34	File loaded from C:\Users\nbr\Documents\iDrive\AppTeam\Projects\Open PAF Framework\Python Example\Data\John Doe_0001\2017-12-05_0010\Static 1.qtm	
1	16:14:34	Finished batch processing 4 files	
1	16:14:48	File loaded from C:\Users\nbr\Documents\iDrive\AppTeam\Projects\Open PAF Framework\Python Example\Data\John Doe_0001\2017-12-05_0010\Dynamic 1.qtm	
1	16:14:50	File closed	
