1	08:53:56	Batch processing of 2 files started	
1	08:53:56	File loaded from D:\Data\Dropbox\Qualisys\Open PAF Framework\Python\Data\Test_01\2017-11-28_AA\Dynamic 1.qtm	
1	08:53:56	File loaded from D:\Data\Dropbox\Qualisys\Open PAF Framework\Python\Data\Test_01\2017-11-28_AA\Static 1.qtm	
1	08:53:56	Finished batch processing 2 files	
1	09:02:30	Batch processing of 2 files started	
1	09:02:31	File loaded from D:\Data\Dropbox\Qualisys\Open PAF Framework\Python\Data\Test_01\2017-11-28_AA\Dynamic 1.qtm	
1	09:02:31	File loaded from D:\Data\Dropbox\Qualisys\Open PAF Framework\Python\Data\Test_01\2017-11-28_AA\Static 1.qtm	
1	09:02:31	Finished batch processing 2 files	
1	09:20:07	Batch processing of 2 files started	
1	09:20:07	File loaded from D:\Data\Dropbox\Qualisys\Open PAF Framework\Python\Data\Test_01\2017-11-28_AA\Dynamic 1.qtm	
1	09:20:07	File loaded from D:\Data\Dropbox\Qualisys\Open PAF Framework\Python\Data\Test_01\2017-11-28_AA\Static 1.qtm	
1	09:20:07	Finished batch processing 2 files	
1	09:21:44	Batch processing of 2 files started	
1	09:21:44	File loaded from D:\Data\Dropbox\Qualisys\Open PAF Framework\Python\Data\Test_01\2017-11-28_AA\Dynamic 1.qtm	
1	09:21:44	File loaded from D:\Data\Dropbox\Qualisys\Open PAF Framework\Python\Data\Test_01\2017-11-28_AA\Static 1.qtm	
1	09:21:44	Finished batch processing 2 files	
1	09:22:10	Batch processing of 2 files started	
1	09:22:10	File loaded from D:\Data\Dropbox\Qualisys\Open PAF Framework\Python\Data\Test_01\2017-11-28_AA\Dynamic 1.qtm	
1	09:22:10	File loaded from D:\Data\Dropbox\Qualisys\Open PAF Framework\Python\Data\Test_01\2017-11-28_AA\Static 1.qtm	
1	09:22:10	Finished batch processing 2 files	
1	10:25:53	Batch processing of 2 files started	
1	10:25:53	File loaded from D:\Data\Dropbox\Qualisys\Open PAF Framework\Python\Data\Test_01\2017-11-28_AA\Dynamic 1.qtm	
1	10:25:53	File loaded from D:\Data\Dropbox\Qualisys\Open PAF Framework\Python\Data\Test_01\2017-11-28_AA\Static 1.qtm	
1	10:25:53	Finished batch processing 2 files	
1	10:27:00	Batch processing of 2 files started	
1	10:27:00	File loaded from D:\Data\Dropbox\Qualisys\Open PAF Framework\Python\Data\Test_01\2017-11-28_AA\Dynamic 1.qtm	
1	10:27:00	File loaded from D:\Data\Dropbox\Qualisys\Open PAF Framework\Python\Data\Test_01\2017-11-28_AA\Static 1.qtm	
1	10:27:00	Finished batch processing 2 files	
1	10:27:37	Batch processing of 2 files started	
1	10:27:37	File loaded from D:\Data\Dropbox\Qualisys\Open PAF Framework\Python\Data\Test_01\2017-11-28_AA\Dynamic 1.qtm	
1	10:27:37	File loaded from D:\Data\Dropbox\Qualisys\Open PAF Framework\Python\Data\Test_01\2017-11-28_AA\Static 1.qtm	
1	10:27:37	Finished batch processing 2 files	
1	10:31:06	Batch processing of 2 files started	
1	10:31:06	File loaded from D:\Data\Dropbox\Qualisys\Open PAF Framework\Python\Data\Test_01\2017-11-28_AA\Dynamic 1.qtm	
1	10:31:06	File loaded from D:\Data\Dropbox\Qualisys\Open PAF Framework\Python\Data\Test_01\2017-11-28_AA\Static 1.qtm	
1	10:31:06	Finished batch processing 2 files	
1	10:39:41	Batch processing of 2 files started	
1	10:39:41	File loaded from D:\Data\Dropbox\Qualisys\Open PAF Framework\Python\Data\Test_01\2017-11-28_AA\Dynamic 1.qtm	
1	10:39:41	File loaded from D:\Data\Dropbox\Qualisys\Open PAF Framework\Python\Data\Test_01\2017-11-28_AA\Static 1.qtm	
1	10:39:41	Finished batch processing 2 files	
1	10:41:48	Batch processing of 2 files started	
1	10:41:48	File loaded from D:\Data\Dropbox\Qualisys\Open PAF Framework\Python\Data\Test_01\2017-11-28_AA\Dynamic 1.qtm	
1	10:41:48	File loaded from D:\Data\Dropbox\Qualisys\Open PAF Framework\Python\Data\Test_01\2017-11-28_AA\Static 1.qtm	
1	10:41:48	Finished batch processing 2 files	
1	10:48:35	Batch processing of 2 files started	
1	10:48:36	File loaded from D:\Data\Dropbox\Qualisys\Open PAF Framework\Python\Data\Test_01\2017-11-28_AA\Dynamic 1.qtm	
1	10:48:36	File loaded from D:\Data\Dropbox\Qualisys\Open PAF Framework\Python\Data\Test_01\2017-11-28_AA\Static 1.qtm	
1	10:48:36	Finished batch processing 2 files	
1	10:56:09	Batch processing of 2 files started	
1	10:56:09	File loaded from D:\Data\Dropbox\Qualisys\Open PAF Framework\Python\Data\Test_01\2017-11-28_AA\Dynamic 1.qtm	
1	10:56:09	File loaded from D:\Data\Dropbox\Qualisys\Open PAF Framework\Python\Data\Test_01\2017-11-28_AA\Static 1.qtm	
1	10:56:09	Finished batch processing 2 files	
1	10:56:33	Batch processing of 2 files started	
1	10:56:33	File loaded from D:\Data\Dropbox\Qualisys\Open PAF Framework\Python\Data\Test_01\2017-11-28_AA\Dynamic 1.qtm	
1	10:56:33	File loaded from D:\Data\Dropbox\Qualisys\Open PAF Framework\Python\Data\Test_01\2017-11-28_AA\Static 1.qtm	
1	10:56:33	Finished batch processing 2 files	
1	11:00:38	Batch processing of 2 files started	
1	11:00:38	File loaded from D:\Data\Dropbox\Qualisys\Open PAF Framework\Python\Data\Test_01\2017-11-28_AA\Dynamic 1.qtm	
1	11:00:39	File loaded from D:\Data\Dropbox\Qualisys\Open PAF Framework\Python\Data\Test_01\2017-11-28_AA\Static 1.qtm	
1	11:00:39	Finished batch processing 2 files	
1	11:01:44	Batch processing of 2 files started	
1	11:01:44	File loaded from D:\Data\Dropbox\Qualisys\Open PAF Framework\Python\Data\Test_01\2017-11-28_AA\Dynamic 1.qtm	
1	11:01:44	File loaded from D:\Data\Dropbox\Qualisys\Open PAF Framework\Python\Data\Test_01\2017-11-28_AA\Static 1.qtm	
1	11:01:44	Finished batch processing 2 files	
1	11:02:09	Batch processing of 2 files started	
1	11:02:09	File loaded from D:\Data\Dropbox\Qualisys\Open PAF Framework\Python\Data\Test_01\2017-11-28_AA\Dynamic 1.qtm	
1	11:02:09	File loaded from D:\Data\Dropbox\Qualisys\Open PAF Framework\Python\Data\Test_01\2017-11-28_AA\Static 1.qtm	
1	11:02:09	Finished batch processing 2 files	
1	11:04:19	Batch processing of 2 files started	
1	11:04:19	File loaded from D:\Data\Dropbox\Qualisys\Open PAF Framework\Python\Data\Test_01\2017-11-28_AA\Dynamic 1.qtm	
1	11:04:19	File loaded from D:\Data\Dropbox\Qualisys\Open PAF Framework\Python\Data\Test_01\2017-11-28_AA\Static 1.qtm	
1	11:04:19	Finished batch processing 2 files	
1	11:04:33	Batch processing of 2 files started	
1	11:04:33	File loaded from D:\Data\Dropbox\Qualisys\Open PAF Framework\Python\Data\Test_01\2017-11-28_AA\Dynamic 1.qtm	
1	11:04:33	File loaded from D:\Data\Dropbox\Qualisys\Open PAF Framework\Python\Data\Test_01\2017-11-28_AA\Static 1.qtm	
1	11:04:33	Finished batch processing 2 files	
1	11:05:18	Batch processing of 2 files started	
1	11:05:19	File loaded from D:\Data\Dropbox\Qualisys\Open PAF Framework\Python\Data\Test_01\2017-11-28_AA\Dynamic 1.qtm	
1	11:05:19	File loaded from D:\Data\Dropbox\Qualisys\Open PAF Framework\Python\Data\Test_01\2017-11-28_AA\Static 1.qtm	
1	11:05:19	Finished batch processing 2 files	
1	11:08:10	Batch processing of 2 files started	
1	11:08:10	File loaded from D:\Data\Dropbox\Qualisys\Open PAF Framework\Python\Data\Test_01\2017-11-28_AA\Dynamic 1.qtm	
1	11:08:10	File loaded from D:\Data\Dropbox\Qualisys\Open PAF Framework\Python\Data\Test_01\2017-11-28_AA\Static 1.qtm	
1	11:08:10	Finished batch processing 2 files	
1	11:32:09	Batch processing of 2 files started	
1	11:32:09	File loaded from D:\Data\Dropbox\Qualisys\Open PAF Framework\Python\Data\Test_01\2017-11-28_AA\Dynamic 1.qtm	
1	11:32:09	File loaded from D:\Data\Dropbox\Qualisys\Open PAF Framework\Python\Data\Test_01\2017-11-28_AA\Static 1.qtm	
1	11:32:09	Finished batch processing 2 files	
1	11:32:28	Batch processing of 2 files started	
1	11:32:28	File loaded from D:\Data\Dropbox\Qualisys\Open PAF Framework\Python\Data\Test_01\2017-11-28_AA\Dynamic 1.qtm	
1	11:32:28	File loaded from D:\Data\Dropbox\Qualisys\Open PAF Framework\Python\Data\Test_01\2017-11-28_AA\Static 1.qtm	
1	11:32:28	Finished batch processing 2 files	
1	11:36:01	Batch processing of 2 files started	
1	11:36:01	File loaded from D:\Data\Dropbox\Qualisys\Open PAF Framework\Python\Data\Test_01\2017-11-28_AA\Dynamic 1.qtm	
1	11:36:01	File loaded from D:\Data\Dropbox\Qualisys\Open PAF Framework\Python\Data\Test_01\2017-11-28_AA\Static 1.qtm	
1	11:36:01	Finished batch processing 2 files	
1	11:36:46	Batch processing of 2 files started	
1	11:36:46	File loaded from D:\Data\Dropbox\Qualisys\Open PAF Framework\Python\Data\Test_01\2017-11-28_AA\Dynamic 1.qtm	
1	11:36:46	File loaded from D:\Data\Dropbox\Qualisys\Open PAF Framework\Python\Data\Test_01\2017-11-28_AA\Static 1.qtm	
1	11:36:46	Finished batch processing 2 files	
1	11:37:40	Batch processing of 2 files started	
1	11:37:40	File loaded from D:\Data\Dropbox\Qualisys\Open PAF Framework\Python\Data\Test_01\2017-11-28_AA\Dynamic 1.qtm	
1	11:37:40	File loaded from D:\Data\Dropbox\Qualisys\Open PAF Framework\Python\Data\Test_01\2017-11-28_AA\Static 1.qtm	
1	11:37:40	Finished batch processing 2 files	
1	11:38:23	Batch processing of 2 files started	
1	11:38:23	File loaded from D:\Data\Dropbox\Qualisys\Open PAF Framework\Python\Data\Test_01\2017-11-28_AA\Dynamic 1.qtm	
1	11:38:23	File loaded from D:\Data\Dropbox\Qualisys\Open PAF Framework\Python\Data\Test_01\2017-11-28_AA\Static 1.qtm	
1	11:38:23	Finished batch processing 2 files	
1	11:39:55	Batch processing of 2 files started	
1	11:39:55	File loaded from D:\Data\Dropbox\Qualisys\Open PAF Framework\Python\Data\Test_01\2017-11-28_AA\Dynamic 1.qtm	
1	11:39:55	File loaded from D:\Data\Dropbox\Qualisys\Open PAF Framework\Python\Data\Test_01\2017-11-28_AA\Static 1.qtm	
1	11:39:55	Finished batch processing 2 files	
1	11:42:47	Batch processing of 2 files started	
1	11:42:47	File loaded from D:\Data\Dropbox\Qualisys\Open PAF Framework\Python\Data\Test_01\2017-11-28_AA\Dynamic 1.qtm	
1	11:42:47	File loaded from D:\Data\Dropbox\Qualisys\Open PAF Framework\Python\Data\Test_01\2017-11-28_AA\Static 1.qtm	
1	11:42:47	Finished batch processing 2 files	
1	11:47:21	Batch processing of 2 files started	
1	11:47:21	File loaded from D:\Data\Dropbox\Qualisys\Open PAF Framework\Python\Data\Test_01\2017-11-28_AA\Dynamic 1.qtm	
1	11:47:21	File loaded from D:\Data\Dropbox\Qualisys\Open PAF Framework\Python\Data\Test_01\2017-11-28_AA\Static 1.qtm	
1	11:47:21	Finished batch processing 2 files	
1	11:49:29	Batch processing of 2 files started	
1	11:49:29	File loaded from D:\Data\Dropbox\Qualisys\Open PAF Framework\Python\Data\Test_01\2017-11-28_AA\Dynamic 1.qtm	
1	11:49:29	File loaded from D:\Data\Dropbox\Qualisys\Open PAF Framework\Python\Data\Test_01\2017-11-28_AA\Static 1.qtm	
1	11:49:29	Finished batch processing 2 files	
1	11:51:37	Batch processing of 2 files started	
1	11:51:37	File loaded from D:\Data\Dropbox\Qualisys\Open PAF Framework\Python\Data\Test_01\2017-11-28_AA\Dynamic 1.qtm	
1	11:51:38	File loaded from D:\Data\Dropbox\Qualisys\Open PAF Framework\Python\Data\Test_01\2017-11-28_AA\Static 1.qtm	
1	11:51:38	Finished batch processing 2 files	
1	12:00:58	File loaded from D:\Data\Dropbox\Qualisys\Open PAF Framework\Python\Data\Test_01\2017-11-28_AA\Dynamic 1.qtm	
1	12:02:35	File closed	
1	12:02:35	Batch processing of 2 files started	
1	12:02:35	File loaded from D:\Data\Dropbox\Qualisys\Open PAF Framework\Python\Data\Test_01\2017-11-28_AA\Dynamic 1.qtm	
1	12:02:35	File loaded from D:\Data\Dropbox\Qualisys\Open PAF Framework\Python\Data\Test_01\2017-11-28_AA\Static 1.qtm	
1	12:02:35	Finished batch processing 2 files	
1	12:07:31	Batch processing of 2 files started	
1	12:07:31	File loaded from D:\Data\Dropbox\Qualisys\Open PAF Framework\Python\Data\Test_01\2017-11-28_AA\Dynamic 1.qtm	
1	12:07:31	File loaded from D:\Data\Dropbox\Qualisys\Open PAF Framework\Python\Data\Test_01\2017-11-28_AA\Static 1.qtm	
1	12:07:31	Finished batch processing 2 files	
1	12:08:30	Batch processing of 2 files started	
1	12:08:30	File loaded from D:\Data\Dropbox\Qualisys\Open PAF Framework\Python\Data\Test_01\2017-11-28_AA\Dynamic 1.qtm	
1	12:08:30	File loaded from D:\Data\Dropbox\Qualisys\Open PAF Framework\Python\Data\Test_01\2017-11-28_AA\Static 1.qtm	
1	12:08:30	Finished batch processing 2 files	
1	12:09:11	Batch processing of 2 files started	
1	12:09:11	File loaded from D:\Data\Dropbox\Qualisys\Open PAF Framework\Python\Data\Test_01\2017-11-28_AA\Dynamic 1.qtm	
1	12:09:11	File loaded from D:\Data\Dropbox\Qualisys\Open PAF Framework\Python\Data\Test_01\2017-11-28_AA\Static 1.qtm	
1	12:09:11	Finished batch processing 2 files	
1	12:12:02	Batch processing of 2 files started	
1	12:12:02	File loaded from D:\Data\Dropbox\Qualisys\Open PAF Framework\Python\Data\Test_01\2017-11-28_AA\Dynamic 1.qtm	
1	12:12:02	File loaded from D:\Data\Dropbox\Qualisys\Open PAF Framework\Python\Data\Test_01\2017-11-28_AA\Static 1.qtm	
1	12:12:02	Finished batch processing 2 files	
1	12:12:15	Batch processing of 2 files started	
1	12:12:16	File loaded from D:\Data\Dropbox\Qualisys\Open PAF Framework\Python\Data\Test_01\2017-11-28_AA\Dynamic 1.qtm	
1	12:12:16	File loaded from D:\Data\Dropbox\Qualisys\Open PAF Framework\Python\Data\Test_01\2017-11-28_AA\Static 1.qtm	
1	12:12:16	Finished batch processing 2 files	
1	12:13:17	Batch processing of 2 files started	
1	12:13:17	File loaded from D:\Data\Dropbox\Qualisys\Open PAF Framework\Python\Data\Test_01\2017-11-28_AA\Dynamic 1.qtm	
1	12:13:17	File loaded from D:\Data\Dropbox\Qualisys\Open PAF Framework\Python\Data\Test_01\2017-11-28_AA\Static 1.qtm	
1	12:13:17	Finished batch processing 2 files	
1	12:13:41	Batch processing of 2 files started	
1	12:13:41	File loaded from D:\Data\Dropbox\Qualisys\Open PAF Framework\Python\Data\Test_01\2017-11-28_AA\Dynamic 1.qtm	
1	12:13:42	File loaded from D:\Data\Dropbox\Qualisys\Open PAF Framework\Python\Data\Test_01\2017-11-28_AA\Static 1.qtm	
1	12:13:42	Finished batch processing 2 files	
1	12:13:56	Batch processing of 2 files started	
1	12:13:56	File loaded from D:\Data\Dropbox\Qualisys\Open PAF Framework\Python\Data\Test_01\2017-11-28_AA\Dynamic 1.qtm	
1	12:13:57	File loaded from D:\Data\Dropbox\Qualisys\Open PAF Framework\Python\Data\Test_01\2017-11-28_AA\Static 1.qtm	
1	12:13:57	Finished batch processing 2 files	
1	12:14:30	Batch processing of 2 files started	
1	12:14:30	File loaded from D:\Data\Dropbox\Qualisys\Open PAF Framework\Python\Data\Test_01\2017-11-28_AA\Dynamic 1.qtm	
1	12:14:31	File loaded from D:\Data\Dropbox\Qualisys\Open PAF Framework\Python\Data\Test_01\2017-11-28_AA\Static 1.qtm	
1	12:14:31	Finished batch processing 2 files	
1	12:15:48	Batch processing of 2 files started	
1	12:15:48	File loaded from D:\Data\Dropbox\Qualisys\Open PAF Framework\Python\Data\Test_01\2017-11-28_AA\Dynamic 1.qtm	
1	12:15:48	File loaded from D:\Data\Dropbox\Qualisys\Open PAF Framework\Python\Data\Test_01\2017-11-28_AA\Static 1.qtm	
1	12:15:48	Finished batch processing 2 files	
1	12:16:00	Batch processing of 2 files started	
1	12:16:00	File loaded from D:\Data\Dropbox\Qualisys\Open PAF Framework\Python\Data\Test_01\2017-11-28_AA\Dynamic 1.qtm	
1	12:16:00	File loaded from D:\Data\Dropbox\Qualisys\Open PAF Framework\Python\Data\Test_01\2017-11-28_AA\Static 1.qtm	
1	12:16:00	Finished batch processing 2 files	
1	12:17:00	Batch processing of 2 files started	
1	12:17:01	File loaded from D:\Data\Dropbox\Qualisys\Open PAF Framework\Python\Data\Test_01\2017-11-28_AA\Dynamic 1.qtm	
1	12:17:01	File loaded from D:\Data\Dropbox\Qualisys\Open PAF Framework\Python\Data\Test_01\2017-11-28_AA\Static 1.qtm	
1	12:17:01	Finished batch processing 2 files	
1	12:17:37	Batch processing of 2 files started	
1	12:17:37	File loaded from D:\Data\Dropbox\Qualisys\Open PAF Framework\Python\Data\Test_01\2017-11-28_AA\Dynamic 1.qtm	
1	12:17:37	File loaded from D:\Data\Dropbox\Qualisys\Open PAF Framework\Python\Data\Test_01\2017-11-28_AA\Static 1.qtm	
1	12:17:37	Finished batch processing 2 files	
1	12:33:08	Batch processing of 2 files started	
1	12:33:08	File loaded from D:\Data\Dropbox\Qualisys\Open PAF Framework\Python\Data\Test_01\2017-11-28_AA\Dynamic 1.qtm	
1	12:33:08	File loaded from D:\Data\Dropbox\Qualisys\Open PAF Framework\Python\Data\Test_01\2017-11-28_AA\Static 1.qtm	
1	12:33:08	Finished batch processing 2 files	
1	12:36:13	Batch processing of 2 files started	
1	12:36:13	File loaded from D:\Data\Dropbox\Qualisys\Open PAF Framework\Python\Data\Test_01\2017-11-28_AA\Dynamic 1.qtm	
1	12:36:14	File loaded from D:\Data\Dropbox\Qualisys\Open PAF Framework\Python\Data\Test_01\2017-11-28_AA\Static 1.qtm	
1	12:36:14	Finished batch processing 2 files	
1	12:36:45	Batch processing of 2 files started	
1	12:36:45	File loaded from D:\Data\Dropbox\Qualisys\Open PAF Framework\Python\Data\Test_01\2017-11-28_AA\Dynamic 1.qtm	
1	12:36:46	File loaded from D:\Data\Dropbox\Qualisys\Open PAF Framework\Python\Data\Test_01\2017-11-28_AA\Static 1.qtm	
1	12:36:46	Finished batch processing 2 files	
1	12:37:56	Batch processing of 2 files started	
1	12:37:56	File loaded from D:\Data\Dropbox\Qualisys\Open PAF Framework\Python\Data\Test_01\2017-11-28_AA\Dynamic 1.qtm	
1	12:37:56	File loaded from D:\Data\Dropbox\Qualisys\Open PAF Framework\Python\Data\Test_01\2017-11-28_AA\Static 1.qtm	
1	12:37:56	Finished batch processing 2 files	
1	12:38:12	Batch processing of 2 files started	
1	12:38:13	File loaded from D:\Data\Dropbox\Qualisys\Open PAF Framework\Python\Data\Test_01\2017-11-28_AA\Dynamic 1.qtm	
1	12:38:13	File loaded from D:\Data\Dropbox\Qualisys\Open PAF Framework\Python\Data\Test_01\2017-11-28_AA\Static 1.qtm	
1	12:38:13	Finished batch processing 2 files	
1	12:38:39	Batch processing of 2 files started	
1	12:38:40	File loaded from D:\Data\Dropbox\Qualisys\Open PAF Framework\Python\Data\Test_01\2017-11-28_AA\Dynamic 1.qtm	
1	12:38:40	File loaded from D:\Data\Dropbox\Qualisys\Open PAF Framework\Python\Data\Test_01\2017-11-28_AA\Static 1.qtm	
1	12:38:40	Finished batch processing 2 files	
1	12:52:36	Batch processing of 2 files started	
1	12:52:36	File loaded from D:\Data\Dropbox\Qualisys\Open PAF Framework\Python\Data\Test_01\2017-11-28_AA\Dynamic 1.qtm	
1	12:52:37	File loaded from D:\Data\Dropbox\Qualisys\Open PAF Framework\Python\Data\Test_01\2017-11-28_AA\Static 1.qtm	
1	12:52:37	Finished batch processing 2 files	
1	13:03:41	Batch processing of 2 files started	
1	13:03:41	File loaded from D:\Data\Dropbox\Qualisys\Open PAF Framework\Python\Data\Test_01\2017-11-28_AA\Dynamic 1.qtm	
1	13:03:41	File loaded from D:\Data\Dropbox\Qualisys\Open PAF Framework\Python\Data\Test_01\2017-11-28_AA\Static 1.qtm	
1	13:03:41	Finished batch processing 2 files	
